14:44:26,467 TRACE BasicExtractor:60 - extracted value ([lastname3_2_] : [VARCHAR]) - [Horripilante]
14:44:26,468 TRACE BasicExtractor:60 - extracted value ([name4_2_] : [VARCHAR]) - [Judío ]
14:44:26,469 TRACE BasicExtractor:60 - extracted value ([pass5_2_] : [VARCHAR]) - [secret]
14:44:26,470 TRACE BasicExtractor:60 - extracted value ([user6_2_] : [VARCHAR]) - [DMG]
14:44:26,470 TRACE BasicExtractor:60 - extracted value ([id1_2_] : [INTEGER]) - [19]
14:44:26,471 TRACE BasicExtractor:60 - extracted value ([isactive2_2_] : [BOOLEAN]) - [true]
14:44:26,472 TRACE BasicExtractor:60 - extracted value ([lastname3_2_] : [VARCHAR]) - [Franco Poot]
14:44:26,473 TRACE BasicExtractor:60 - extracted value ([name4_2_] : [VARCHAR]) - [Larissa Isabel]
14:44:26,474 TRACE BasicExtractor:60 - extracted value ([pass5_2_] : [VARCHAR]) - [IFPUFP]
14:44:26,474 TRACE BasicExtractor:60 - extracted value ([user6_2_] : [VARCHAR]) - [IFP]
14:44:26,475 TRACE BasicExtractor:60 - extracted value ([id1_2_] : [INTEGER]) - [1]
14:44:26,475 TRACE BasicExtractor:60 - extracted value ([isactive2_2_] : [BOOLEAN]) - [true]
14:44:26,476 TRACE BasicExtractor:60 - extracted value ([lastname3_2_] : [VARCHAR]) - [García Gómez]
14:44:26,477 TRACE BasicExtractor:60 - extracted value ([name4_2_] : [VARCHAR]) - [Javier Humberto]
14:44:26,477 TRACE BasicExtractor:60 - extracted value ([pass5_2_] : [VARCHAR]) - [secret]
14:44:26,478 TRACE BasicExtractor:60 - extracted value ([user6_2_] : [VARCHAR]) - [JGG]
14:44:26,479 TRACE BasicExtractor:60 - extracted value ([id1_2_] : [INTEGER]) - [22]
14:44:26,479 TRACE BasicExtractor:60 - extracted value ([isactive2_2_] : [BOOLEAN]) - [true]
14:44:26,480 TRACE BasicExtractor:60 - extracted value ([lastname3_2_] : [VARCHAR]) - [Pérez López]
14:44:26,480 TRACE BasicExtractor:60 - extracted value ([name4_2_] : [VARCHAR]) - [José Luis]
14:44:26,481 TRACE BasicExtractor:60 - extracted value ([pass5_2_] : [VARCHAR]) - [secret]
14:44:26,481 TRACE BasicExtractor:60 - extracted value ([user6_2_] : [VARCHAR]) - [JPL]
14:44:26,482 TRACE BasicExtractor:60 - extracted value ([id1_2_] : [INTEGER]) - [17]
14:44:26,483 TRACE BasicExtractor:60 - extracted value ([isactive2_2_] : [BOOLEAN]) - [true]
14:44:26,483 TRACE BasicExtractor:60 - extracted value ([lastname3_2_] : [VARCHAR]) - [Fuentes Pech]
14:44:26,484 TRACE BasicExtractor:60 - extracted value ([name4_2_] : [VARCHAR]) - [Leticia Anahí]
14:44:26,485 TRACE BasicExtractor:60 - extracted value ([pass5_2_] : [VARCHAR]) - [LFPLFP]
14:44:26,486 TRACE BasicExtractor:60 - extracted value ([user6_2_] : [VARCHAR]) - [LFP]
14:44:26,486 TRACE BasicExtractor:60 - extracted value ([id1_2_] : [INTEGER]) - [18]
14:44:26,487 TRACE BasicExtractor:60 - extracted value ([isactive2_2_] : [BOOLEAN]) - [true]
14:44:26,487 TRACE BasicExtractor:60 - extracted value ([lastname3_2_] : [VARCHAR]) - [Avendaño Talarico]
14:44:26,487 TRACE BasicExtractor:60 - extracted value ([name4_2_] : [VARCHAR]) - [María de Lourdes]
14:44:26,488 TRACE BasicExtractor:60 - extracted value ([pass5_2_] : [VARCHAR]) - [MATMAT]
14:44:26,488 TRACE BasicExtractor:60 - extracted value ([user6_2_] : [VARCHAR]) - [MAT]
14:44:26,488 TRACE BasicExtractor:60 - extracted value ([id1_2_] : [INTEGER]) - [26]
14:44:26,489 TRACE BasicExtractor:60 - extracted value ([isactive2_2_] : [BOOLEAN]) - [true]
14:44:26,489 TRACE BasicExtractor:60 - extracted value ([lastname3_2_] : [VARCHAR]) - [Moo Haas]
14:44:26,490 TRACE BasicExtractor:60 - extracted value ([name4_2_] : [VARCHAR]) - [Oscar Uriel]
14:44:26,490 TRACE BasicExtractor:60 - extracted value ([pass5_2_] : [VARCHAR]) - [secret]
14:44:26,491 TRACE BasicExtractor:60 - extracted value ([user6_2_] : [VARCHAR]) - [OMH]
14:44:26,491 TRACE BasicExtractor:60 - extracted value ([id1_2_] : [INTEGER]) - [25]
14:44:26,491 TRACE BasicExtractor:60 - extracted value ([isactive2_2_] : [BOOLEAN]) - [true]
14:44:26,492 TRACE BasicExtractor:60 - extracted value ([lastname3_2_] : [VARCHAR]) - [Moo Pérez]
14:44:26,492 TRACE BasicExtractor:60 - extracted value ([name4_2_] : [VARCHAR]) - [Oscar]
14:44:26,493 TRACE BasicExtractor:60 - extracted value ([pass5_2_] : [VARCHAR]) - [secret]
14:44:26,493 TRACE BasicExtractor:60 - extracted value ([user6_2_] : [VARCHAR]) - [OMP]
14:44:26,493 TRACE BasicExtractor:60 - extracted value ([id1_2_] : [INTEGER]) - [12]
14:44:26,494 TRACE BasicExtractor:60 - extracted value ([isactive2_2_] : [BOOLEAN]) - [true]
14:44:26,496 TRACE BasicExtractor:60 - extracted value ([lastname3_2_] : [VARCHAR]) - [Colmenares Piña]
14:44:26,496 TRACE BasicExtractor:60 - extracted value ([name4_2_] : [VARCHAR]) - [Silvia Guadalupe]
14:44:26,496 TRACE BasicExtractor:60 - extracted value ([pass5_2_] : [VARCHAR]) - [SCPSCP]
14:44:26,497 TRACE BasicExtractor:60 - extracted value ([user6_2_] : [VARCHAR]) - [SCP]
14:44:26,497 TRACE BasicExtractor:60 - extracted value ([id1_2_] : [INTEGER]) - [28]
14:44:26,498 TRACE BasicExtractor:60 - extracted value ([isactive2_2_] : [BOOLEAN]) - [true]
14:44:26,498 TRACE BasicExtractor:60 - extracted value ([lastname3_2_] : [VARCHAR]) - [Delgado Inurreta]
14:44:26,498 TRACE BasicExtractor:60 - extracted value ([name4_2_] : [VARCHAR]) - [Saraí]
14:44:26,499 TRACE BasicExtractor:60 - extracted value ([pass5_2_] : [VARCHAR]) - [secret]
14:44:26,499 TRACE BasicExtractor:60 - extracted value ([user6_2_] : [VARCHAR]) - [SDD]
14:44:26,499 TRACE BasicExtractor:60 - extracted value ([id1_2_] : [INTEGER]) - [27]
14:44:26,500 TRACE BasicExtractor:60 - extracted value ([isactive2_2_] : [BOOLEAN]) - [true]
14:44:26,500 TRACE BasicExtractor:60 - extracted value ([lastname3_2_] : [VARCHAR]) - [Delgado Inurreta]
14:44:26,501 TRACE BasicExtractor:60 - extracted value ([name4_2_] : [VARCHAR]) - [Saraí]
14:44:26,502 TRACE BasicExtractor:60 - extracted value ([pass5_2_] : [VARCHAR]) - [secret]
14:44:26,502 TRACE BasicExtractor:60 - extracted value ([user6_2_] : [VARCHAR]) - [SDI]
14:44:26,502 TRACE BasicExtractor:60 - extracted value ([id1_2_] : [INTEGER]) - [101]
14:44:26,503 TRACE BasicExtractor:60 - extracted value ([isactive2_2_] : [BOOLEAN]) - [true]
14:44:26,503 TRACE BasicExtractor:60 - extracted value ([lastname3_2_] : [VARCHAR]) - [usuario nuevo]
14:44:26,504 TRACE BasicExtractor:60 - extracted value ([name4_2_] : [VARCHAR]) - [Usuario nuevo]
14:44:26,504 TRACE BasicExtractor:60 - extracted value ([pass5_2_] : [VARCHAR]) - [secret]
14:44:26,504 TRACE BasicExtractor:60 - extracted value ([user6_2_] : [VARCHAR]) - [UUU]
15:23:15,498  INFO Version:44 - HHH000412: Hibernate ORM core version [WORKING]
15:23:16,381  INFO Version:49 - HCANN000001: Hibernate Commons Annotations {5.1.0.Final}
15:23:16,861 DEBUG BasicTypeRegistry:157 - Adding type registration boolean -> org.hibernate.type.BooleanType@6a4dee40
15:23:16,862 DEBUG BasicTypeRegistry:157 - Adding type registration boolean -> org.hibernate.type.BooleanType@6a4dee40
15:23:16,863 DEBUG BasicTypeRegistry:157 - Adding type registration java.lang.Boolean -> org.hibernate.type.BooleanType@6a4dee40
15:23:16,863 DEBUG BasicTypeRegistry:157 - Adding type registration numeric_boolean -> org.hibernate.type.NumericBooleanType@217160a9
15:23:16,864 DEBUG BasicTypeRegistry:157 - Adding type registration true_false -> org.hibernate.type.TrueFalseType@79d75da9
15:23:16,865 DEBUG BasicTypeRegistry:157 - Adding type registration yes_no -> org.hibernate.type.YesNoType@30bc7b48
15:23:16,867 DEBUG BasicTypeRegistry:157 - Adding type registration byte -> org.hibernate.type.ByteType@5a964351
15:23:16,867 DEBUG BasicTypeRegistry:157 - Adding type registration byte -> org.hibernate.type.ByteType@5a964351
15:23:16,868 DEBUG BasicTypeRegistry:157 - Adding type registration java.lang.Byte -> org.hibernate.type.ByteType@5a964351
15:23:16,870 DEBUG BasicTypeRegistry:157 - Adding type registration character -> org.hibernate.type.CharacterType@f2d699b
15:23:16,871 DEBUG BasicTypeRegistry:157 - Adding type registration char -> org.hibernate.type.CharacterType@f2d699b
15:23:16,871 DEBUG BasicTypeRegistry:157 - Adding type registration java.lang.Character -> org.hibernate.type.CharacterType@f2d699b
15:23:16,873 DEBUG BasicTypeRegistry:157 - Adding type registration short -> org.hibernate.type.ShortType@6f976968
15:23:16,874 DEBUG BasicTypeRegistry:157 - Adding type registration short -> org.hibernate.type.ShortType@6f976968
15:23:16,876 DEBUG BasicTypeRegistry:157 - Adding type registration java.lang.Short -> org.hibernate.type.ShortType@6f976968
15:23:16,878 DEBUG BasicTypeRegistry:157 - Adding type registration integer -> org.hibernate.type.IntegerType@898ab9
15:23:16,878 DEBUG BasicTypeRegistry:157 - Adding type registration int -> org.hibernate.type.IntegerType@898ab9
15:23:16,879 DEBUG BasicTypeRegistry:157 - Adding type registration java.lang.Integer -> org.hibernate.type.IntegerType@898ab9
15:23:16,880 DEBUG BasicTypeRegistry:157 - Adding type registration long -> org.hibernate.type.LongType@7681dd54
15:23:16,881 DEBUG BasicTypeRegistry:157 - Adding type registration long -> org.hibernate.type.LongType@7681dd54
15:23:16,881 DEBUG BasicTypeRegistry:157 - Adding type registration java.lang.Long -> org.hibernate.type.LongType@7681dd54
15:23:16,883 DEBUG BasicTypeRegistry:157 - Adding type registration float -> org.hibernate.type.FloatType@13cbe930
15:23:16,883 DEBUG BasicTypeRegistry:157 - Adding type registration float -> org.hibernate.type.FloatType@13cbe930
15:23:16,886 DEBUG BasicTypeRegistry:157 - Adding type registration java.lang.Float -> org.hibernate.type.FloatType@13cbe930
15:23:16,887 DEBUG BasicTypeRegistry:157 - Adding type registration double -> org.hibernate.type.DoubleType@be06f9b
15:23:16,888 DEBUG BasicTypeRegistry:157 - Adding type registration double -> org.hibernate.type.DoubleType@be06f9b
15:23:16,888 DEBUG BasicTypeRegistry:157 - Adding type registration java.lang.Double -> org.hibernate.type.DoubleType@be06f9b
15:23:16,890 DEBUG BasicTypeRegistry:157 - Adding type registration big_decimal -> org.hibernate.type.BigDecimalType@74065f62
15:23:16,890 DEBUG BasicTypeRegistry:157 - Adding type registration java.math.BigDecimal -> org.hibernate.type.BigDecimalType@74065f62
15:23:16,892 DEBUG BasicTypeRegistry:157 - Adding type registration big_integer -> org.hibernate.type.BigIntegerType@553a164e
15:23:16,892 DEBUG BasicTypeRegistry:157 - Adding type registration java.math.BigInteger -> org.hibernate.type.BigIntegerType@553a164e
15:23:16,894 DEBUG BasicTypeRegistry:157 - Adding type registration string -> org.hibernate.type.StringType@772e5dc2
15:23:16,894 DEBUG BasicTypeRegistry:157 - Adding type registration java.lang.String -> org.hibernate.type.StringType@772e5dc2
15:23:16,895 DEBUG BasicTypeRegistry:157 - Adding type registration nstring -> org.hibernate.type.StringNVarcharType@7bc9a75e
15:23:16,896 DEBUG BasicTypeRegistry:157 - Adding type registration ncharacter -> org.hibernate.type.CharacterNCharType@5a48437
15:23:16,898 DEBUG BasicTypeRegistry:157 - Adding type registration url -> org.hibernate.type.UrlType@103d4f8c
15:23:16,899 DEBUG BasicTypeRegistry:157 - Adding type registration java.net.URL -> org.hibernate.type.UrlType@103d4f8c
15:23:16,900 DEBUG BasicTypeRegistry:157 - Adding type registration Duration -> org.hibernate.type.DurationType@3522160b
15:23:16,902 DEBUG BasicTypeRegistry:157 - Adding type registration java.time.Duration -> org.hibernate.type.DurationType@3522160b
15:23:16,964 DEBUG BasicTypeRegistry:157 - Adding type registration Instant -> org.hibernate.type.InstantType@6daf11bd
15:23:16,965 DEBUG BasicTypeRegistry:157 - Adding type registration java.time.Instant -> org.hibernate.type.InstantType@6daf11bd
15:23:16,966 DEBUG BasicTypeRegistry:157 - Adding type registration LocalDateTime -> org.hibernate.type.LocalDateTimeType@e9fcdae
15:23:16,967 DEBUG BasicTypeRegistry:157 - Adding type registration java.time.LocalDateTime -> org.hibernate.type.LocalDateTimeType@e9fcdae
15:23:16,968 DEBUG BasicTypeRegistry:157 - Adding type registration LocalDate -> org.hibernate.type.LocalDateType@47b1d8a
15:23:16,969 DEBUG BasicTypeRegistry:157 - Adding type registration java.time.LocalDate -> org.hibernate.type.LocalDateType@47b1d8a
15:23:16,971 DEBUG BasicTypeRegistry:157 - Adding type registration LocalTime -> org.hibernate.type.LocalTimeType@44bd1193
15:23:16,971 DEBUG BasicTypeRegistry:157 - Adding type registration java.time.LocalTime -> org.hibernate.type.LocalTimeType@44bd1193
15:23:17,011 DEBUG BasicTypeRegistry:157 - Adding type registration OffsetDateTime -> org.hibernate.type.OffsetDateTimeType@17ae5683
15:23:17,012 DEBUG BasicTypeRegistry:157 - Adding type registration java.time.OffsetDateTime -> org.hibernate.type.OffsetDateTimeType@17ae5683
15:23:17,015 DEBUG BasicTypeRegistry:157 - Adding type registration OffsetTime -> org.hibernate.type.OffsetTimeType@2d17c803
15:23:17,016 DEBUG BasicTypeRegistry:157 - Adding type registration java.time.OffsetTime -> org.hibernate.type.OffsetTimeType@2d17c803
15:23:17,021 DEBUG BasicTypeRegistry:157 - Adding type registration ZonedDateTime -> org.hibernate.type.ZonedDateTimeType@6acfc663
15:23:17,022 DEBUG BasicTypeRegistry:157 - Adding type registration java.time.ZonedDateTime -> org.hibernate.type.ZonedDateTimeType@6acfc663
15:23:17,025 DEBUG BasicTypeRegistry:157 - Adding type registration date -> org.hibernate.type.DateType@15b3d0c5
15:23:17,025 DEBUG BasicTypeRegistry:157 - Adding type registration java.sql.Date -> org.hibernate.type.DateType@15b3d0c5
15:23:17,028 DEBUG BasicTypeRegistry:157 - Adding type registration time -> org.hibernate.type.TimeType@2a50fda0
15:23:17,028 DEBUG BasicTypeRegistry:157 - Adding type registration java.sql.Time -> org.hibernate.type.TimeType@2a50fda0
15:23:17,059 DEBUG BasicTypeRegistry:157 - Adding type registration timestamp -> org.hibernate.type.TimestampType@529d3a6e
15:23:17,060 DEBUG BasicTypeRegistry:157 - Adding type registration java.sql.Timestamp -> org.hibernate.type.TimestampType@529d3a6e
15:23:17,061 DEBUG BasicTypeRegistry:157 - Adding type registration java.util.Date -> org.hibernate.type.TimestampType@529d3a6e
15:23:17,066 DEBUG BasicTypeRegistry:157 - Adding type registration dbtimestamp -> org.hibernate.type.DbTimestampType@547b2953
15:23:17,071 DEBUG BasicTypeRegistry:157 - Adding type registration calendar -> org.hibernate.type.CalendarType@2db3c4d0
15:23:17,072 DEBUG BasicTypeRegistry:157 - Adding type registration java.util.Calendar -> org.hibernate.type.CalendarType@2db3c4d0
15:23:17,072 DEBUG BasicTypeRegistry:157 - Adding type registration java.util.GregorianCalendar -> org.hibernate.type.CalendarType@2db3c4d0
15:23:17,074 DEBUG BasicTypeRegistry:157 - Adding type registration calendar_date -> org.hibernate.type.CalendarDateType@2bfd5189
15:23:17,076 DEBUG BasicTypeRegistry:157 - Adding type registration calendar_time -> org.hibernate.type.CalendarTimeType@1dc1de0
15:23:17,077 DEBUG BasicTypeRegistry:157 - Adding type registration locale -> org.hibernate.type.LocaleType@49912012
15:23:17,078 DEBUG BasicTypeRegistry:157 - Adding type registration java.util.Locale -> org.hibernate.type.LocaleType@49912012
15:23:17,080 DEBUG BasicTypeRegistry:157 - Adding type registration currency -> org.hibernate.type.CurrencyType@7a24ef1e
15:23:17,080 DEBUG BasicTypeRegistry:157 - Adding type registration java.util.Currency -> org.hibernate.type.CurrencyType@7a24ef1e
15:23:17,082 DEBUG BasicTypeRegistry:157 - Adding type registration timezone -> org.hibernate.type.TimeZoneType@3d8b61c6
15:23:17,082 DEBUG BasicTypeRegistry:157 - Adding type registration java.util.TimeZone -> org.hibernate.type.TimeZoneType@3d8b61c6
15:23:17,084 DEBUG BasicTypeRegistry:157 - Adding type registration class -> org.hibernate.type.ClassType@7e220d0a
15:23:17,084 DEBUG BasicTypeRegistry:157 - Adding type registration java.lang.Class -> org.hibernate.type.ClassType@7e220d0a
15:23:17,086 DEBUG BasicTypeRegistry:157 - Adding type registration uuid-binary -> org.hibernate.type.UUIDBinaryType@32272635
15:23:17,086 DEBUG BasicTypeRegistry:157 - Adding type registration java.util.UUID -> org.hibernate.type.UUIDBinaryType@32272635
15:23:17,087 DEBUG BasicTypeRegistry:157 - Adding type registration uuid-char -> org.hibernate.type.UUIDCharType@2a3357e6
15:23:17,089 DEBUG BasicTypeRegistry:157 - Adding type registration binary -> org.hibernate.type.BinaryType@61c83c20
15:23:17,090 DEBUG BasicTypeRegistry:157 - Adding type registration byte[] -> org.hibernate.type.BinaryType@61c83c20
15:23:17,090 DEBUG BasicTypeRegistry:157 - Adding type registration [B -> org.hibernate.type.BinaryType@61c83c20
15:23:17,092 DEBUG BasicTypeRegistry:157 - Adding type registration wrapper-binary -> org.hibernate.type.WrapperBinaryType@9f61b33
15:23:17,092 DEBUG BasicTypeRegistry:157 - Adding type registration Byte[] -> org.hibernate.type.WrapperBinaryType@9f61b33
15:23:17,092 DEBUG BasicTypeRegistry:157 - Adding type registration [Ljava.lang.Byte; -> org.hibernate.type.WrapperBinaryType@9f61b33
15:23:17,094 DEBUG BasicTypeRegistry:157 - Adding type registration row_version -> org.hibernate.type.RowVersionType@6411db6
15:23:17,095 DEBUG BasicTypeRegistry:157 - Adding type registration image -> org.hibernate.type.ImageType@1af2f9f1
15:23:17,096 DEBUG BasicTypeRegistry:157 - Adding type registration characters -> org.hibernate.type.CharArrayType@75f73c2f
15:23:17,096 DEBUG BasicTypeRegistry:157 - Adding type registration char[] -> org.hibernate.type.CharArrayType@75f73c2f
15:23:17,097 DEBUG BasicTypeRegistry:157 - Adding type registration [C -> org.hibernate.type.CharArrayType@75f73c2f
15:23:17,098 DEBUG BasicTypeRegistry:157 - Adding type registration wrapper-characters -> org.hibernate.type.CharacterArrayType@7477bfd7
15:23:17,098 DEBUG BasicTypeRegistry:157 - Adding type registration [Ljava.lang.Character; -> org.hibernate.type.CharacterArrayType@7477bfd7
15:23:17,098 DEBUG BasicTypeRegistry:157 - Adding type registration Character[] -> org.hibernate.type.CharacterArrayType@7477bfd7
15:23:17,099 DEBUG BasicTypeRegistry:157 - Adding type registration text -> org.hibernate.type.TextType@4c31ddff
15:23:17,100 DEBUG BasicTypeRegistry:157 - Adding type registration ntext -> org.hibernate.type.NTextType@36b3ff2c
15:23:17,104 DEBUG BasicTypeRegistry:157 - Adding type registration blob -> org.hibernate.type.BlobType@6b88620a
15:23:17,105 DEBUG BasicTypeRegistry:157 - Adding type registration java.sql.Blob -> org.hibernate.type.BlobType@6b88620a
15:23:17,106 DEBUG BasicTypeRegistry:157 - Adding type registration materialized_blob -> org.hibernate.type.MaterializedBlobType@6a714c4
15:23:17,109 DEBUG BasicTypeRegistry:157 - Adding type registration clob -> org.hibernate.type.ClobType@1038e69
15:23:17,109 DEBUG BasicTypeRegistry:157 - Adding type registration java.sql.Clob -> org.hibernate.type.ClobType@1038e69
15:23:17,112 DEBUG BasicTypeRegistry:157 - Adding type registration nclob -> org.hibernate.type.NClobType@45fa85b7
15:23:17,112 DEBUG BasicTypeRegistry:157 - Adding type registration java.sql.NClob -> org.hibernate.type.NClobType@45fa85b7
15:23:17,113 DEBUG BasicTypeRegistry:157 - Adding type registration materialized_clob -> org.hibernate.type.MaterializedClobType@790a3ce7
15:23:17,114 DEBUG BasicTypeRegistry:157 - Adding type registration materialized_nclob -> org.hibernate.type.MaterializedNClobType@5230633c
15:23:17,115 DEBUG BasicTypeRegistry:157 - Adding type registration serializable -> org.hibernate.type.SerializableType@264b718e
15:23:17,120 DEBUG BasicTypeRegistry:157 - Adding type registration object -> org.hibernate.type.ObjectType@4275afad
15:23:17,121 DEBUG BasicTypeRegistry:157 - Adding type registration java.lang.Object -> org.hibernate.type.ObjectType@4275afad
15:23:17,123 DEBUG BasicTypeRegistry:157 - Adding type registration imm_date -> org.hibernate.type.AdaptedImmutableType@48900f3e
15:23:17,123 DEBUG BasicTypeRegistry:157 - Adding type registration imm_time -> org.hibernate.type.AdaptedImmutableType@731959a9
15:23:17,124 DEBUG BasicTypeRegistry:157 - Adding type registration imm_timestamp -> org.hibernate.type.AdaptedImmutableType@318c4155
15:23:17,125 DEBUG BasicTypeRegistry:157 - Adding type registration imm_dbtimestamp -> org.hibernate.type.AdaptedImmutableType@28c7015a
15:23:17,125 DEBUG BasicTypeRegistry:157 - Adding type registration imm_calendar -> org.hibernate.type.AdaptedImmutableType@60e60283
15:23:17,126 DEBUG BasicTypeRegistry:157 - Adding type registration imm_calendar_date -> org.hibernate.type.AdaptedImmutableType@598bcb27
15:23:17,127 DEBUG BasicTypeRegistry:157 - Adding type registration imm_binary -> org.hibernate.type.AdaptedImmutableType@a5ebfaa
15:23:17,127 DEBUG BasicTypeRegistry:157 - Adding type registration imm_serializable -> org.hibernate.type.AdaptedImmutableType@1a03b26a
15:23:17,195  WARN pooling:72 - HHH10001002: Using Hibernate built-in connection pool (not for production use!)
15:23:17,208  INFO pooling:115 - HHH10001005: using driver [com.mysql.cj.jdbc.Driver] at URL [jdbc:mysql://34.72.48.237:3306/exercises?]
15:23:17,209  INFO pooling:124 - HHH10001001: Connection properties: {password=****, user=root}
15:23:17,210  INFO pooling:129 - HHH10001003: Autocommit mode: false
15:23:17,214  INFO DriverManagerConnectionProviderImpl:249 - HHH000115: Hibernate connection pool size: 20 (min=1)
15:23:19,664  INFO Dialect:170 - HHH000400: Using dialect: org.hibernate.dialect.MySQL57Dialect
15:23:19,882 DEBUG TypeConfiguration$Scope:152 - Scoping TypeConfiguration [org.hibernate.type.spi.TypeConfiguration@5df031d6] to MetadataBuildingContext [org.hibernate.boot.internal.MetadataBuildingContextRootImpl@4aa08eab]
15:23:20,287 DEBUG TypeConfiguration$Scope:157 - Scoping TypeConfiguration [org.hibernate.type.spi.TypeConfiguration@5df031d6] to SessionFactoryImpl [org.hibernate.internal.SessionFactoryImpl@5b352c0]
15:23:21,023  INFO access:47 - HHH10001501: Connection obtained from JdbcConnectionAccess [org.hibernate.engine.jdbc.env.internal.JdbcEnvironmentInitiator$ConnectionProviderJdbcConnectionAccess@49623d5] for (non-JTA) DDL execution was not in auto-commit mode; the Connection 'local transaction' will be committed and the Connection will be set into auto-commit mode.
15:23:22,495 TRACE TypeConfiguration$Scope:205 - Handling #sessionFactoryCreated from [org.hibernate.internal.SessionFactoryImpl@5b352c0] for TypeConfiguration
15:23:23,200 TRACE BasicExtractor:60 - extracted value ([id1_2_] : [INTEGER]) - [20]
15:23:23,207 TRACE BasicExtractor:60 - extracted value ([isactive2_2_] : [BOOLEAN]) - [true]
15:23:23,208 TRACE BasicExtractor:60 - extracted value ([lastname3_2_] : [VARCHAR]) - [Caamal Badillo]
15:23:23,209 TRACE BasicExtractor:60 - extracted value ([name4_2_] : [VARCHAR]) - [Elizabeth Atziri]
15:23:23,209 TRACE BasicExtractor:60 - extracted value ([pass5_2_] : [VARCHAR]) - [ECBECB]
15:23:23,210 TRACE BasicExtractor:60 - extracted value ([user6_2_] : [VARCHAR]) - [ACB]
15:23:23,211 TRACE BasicExtractor:60 - extracted value ([id1_2_] : [INTEGER]) - [24]
15:23:23,211 TRACE BasicExtractor:60 - extracted value ([isactive2_2_] : [BOOLEAN]) - [true]
15:23:23,212 TRACE BasicExtractor:60 - extracted value ([lastname3_2_] : [VARCHAR]) - [Nah Villareal]
15:23:23,212 TRACE BasicExtractor:60 - extracted value ([name4_2_] : [VARCHAR]) - [Andrés]
15:23:23,213 TRACE BasicExtractor:60 - extracted value ([pass5_2_] : [VARCHAR]) - [secret]
15:23:23,213 TRACE BasicExtractor:60 - extracted value ([user6_2_] : [VARCHAR]) - [ANV]
15:23:23,214 TRACE BasicExtractor:60 - extracted value ([id1_2_] : [INTEGER]) - [2]
15:23:23,214 TRACE BasicExtractor:60 - extracted value ([isactive2_2_] : [BOOLEAN]) - [true]
15:23:23,215 TRACE BasicExtractor:60 - extracted value ([lastname3_2_] : [VARCHAR]) - [Muñoz Escalante]
15:23:23,215 TRACE BasicExtractor:60 - extracted value ([name4_2_] : [VARCHAR]) - [Ana Cecilia]
15:23:23,216 TRACE BasicExtractor:60 - extracted value ([pass5_2_] : [VARCHAR]) - [CMECME]
15:23:23,216 TRACE BasicExtractor:60 - extracted value ([user6_2_] : [VARCHAR]) - [CME]
15:23:23,216 TRACE BasicExtractor:60 - extracted value ([id1_2_] : [INTEGER]) - [21]
15:23:23,217 TRACE BasicExtractor:60 - extracted value ([isactive2_2_] : [BOOLEAN]) - [true]
15:23:23,217 TRACE BasicExtractor:60 - extracted value ([lastname3_2_] : [VARCHAR]) - [Bravo Carrillo]
15:23:23,217 TRACE BasicExtractor:60 - extracted value ([name4_2_] : [VARCHAR]) - [Diana]
15:23:23,218 TRACE BasicExtractor:60 - extracted value ([pass5_2_] : [VARCHAR]) - [secret]
15:23:23,218 TRACE BasicExtractor:60 - extracted value ([user6_2_] : [VARCHAR]) - [DBC]
15:23:23,219 TRACE BasicExtractor:60 - extracted value ([id1_2_] : [INTEGER]) - [23]
15:23:23,219 TRACE BasicExtractor:60 - extracted value ([isactive2_2_] : [BOOLEAN]) - [true]
15:23:23,219 TRACE BasicExtractor:60 - extracted value ([lastname3_2_] : [VARCHAR]) - [Horripilante]
15:23:23,220 TRACE BasicExtractor:60 - extracted value ([name4_2_] : [VARCHAR]) - [Judío ]
15:23:23,220 TRACE BasicExtractor:60 - extracted value ([pass5_2_] : [VARCHAR]) - [secret]
15:23:23,220 TRACE BasicExtractor:60 - extracted value ([user6_2_] : [VARCHAR]) - [DMG]
15:23:23,221 TRACE BasicExtractor:60 - extracted value ([id1_2_] : [INTEGER]) - [19]
15:23:23,221 TRACE BasicExtractor:60 - extracted value ([isactive2_2_] : [BOOLEAN]) - [true]
15:23:23,222 TRACE BasicExtractor:60 - extracted value ([lastname3_2_] : [VARCHAR]) - [Franco Poot]
15:23:23,222 TRACE BasicExtractor:60 - extracted value ([name4_2_] : [VARCHAR]) - [Larissa Isabel]
15:23:23,222 TRACE BasicExtractor:60 - extracted value ([pass5_2_] : [VARCHAR]) - [IFPUFP]
15:23:23,223 TRACE BasicExtractor:60 - extracted value ([user6_2_] : [VARCHAR]) - [IFP]
15:23:23,223 TRACE BasicExtractor:60 - extracted value ([id1_2_] : [INTEGER]) - [1]
15:23:23,223 TRACE BasicExtractor:60 - extracted value ([isactive2_2_] : [BOOLEAN]) - [true]
15:23:23,224 TRACE BasicExtractor:60 - extracted value ([lastname3_2_] : [VARCHAR]) - [García Gómez]
15:23:23,224 TRACE BasicExtractor:60 - extracted value ([name4_2_] : [VARCHAR]) - [Javier Humberto]
15:23:23,224 TRACE BasicExtractor:60 - extracted value ([pass5_2_] : [VARCHAR]) - [secret]
15:23:23,225 TRACE BasicExtractor:60 - extracted value ([user6_2_] : [VARCHAR]) - [JGG]
15:23:23,225 TRACE BasicExtractor:60 - extracted value ([id1_2_] : [INTEGER]) - [22]
15:23:23,225 TRACE BasicExtractor:60 - extracted value ([isactive2_2_] : [BOOLEAN]) - [true]
15:23:23,226 TRACE BasicExtractor:60 - extracted value ([lastname3_2_] : [VARCHAR]) - [Pérez López]
15:23:23,226 TRACE BasicExtractor:60 - extracted value ([name4_2_] : [VARCHAR]) - [José Luis]
15:23:23,226 TRACE BasicExtractor:60 - extracted value ([pass5_2_] : [VARCHAR]) - [secret]
15:23:23,227 TRACE BasicExtractor:60 - extracted value ([user6_2_] : [VARCHAR]) - [JPL]
15:23:23,227 TRACE BasicExtractor:60 - extracted value ([id1_2_] : [INTEGER]) - [17]
15:23:23,227 TRACE BasicExtractor:60 - extracted value ([isactive2_2_] : [BOOLEAN]) - [true]
15:23:23,228 TRACE BasicExtractor:60 - extracted value ([lastname3_2_] : [VARCHAR]) - [Fuentes Pech]
15:23:23,228 TRACE BasicExtractor:60 - extracted value ([name4_2_] : [VARCHAR]) - [Leticia Anahí]
15:23:23,229 TRACE BasicExtractor:60 - extracted value ([pass5_2_] : [VARCHAR]) - [LFPLFP]
15:23:23,229 TRACE BasicExtractor:60 - extracted value ([user6_2_] : [VARCHAR]) - [LFP]
15:23:23,229 TRACE BasicExtractor:60 - extracted value ([id1_2_] : [INTEGER]) - [18]
15:23:23,231 TRACE BasicExtractor:60 - extracted value ([isactive2_2_] : [BOOLEAN]) - [true]
15:23:23,231 TRACE BasicExtractor:60 - extracted value ([lastname3_2_] : [VARCHAR]) - [Avendaño Talarico]
15:23:23,232 TRACE BasicExtractor:60 - extracted value ([name4_2_] : [VARCHAR]) - [María de Lourdes]
15:23:23,232 TRACE BasicExtractor:60 - extracted value ([pass5_2_] : [VARCHAR]) - [MATMAT]
15:23:23,233 TRACE BasicExtractor:60 - extracted value ([user6_2_] : [VARCHAR]) - [MAT]
15:23:23,233 TRACE BasicExtractor:60 - extracted value ([id1_2_] : [INTEGER]) - [26]
15:23:23,234 TRACE BasicExtractor:60 - extracted value ([isactive2_2_] : [BOOLEAN]) - [true]
15:23:23,234 TRACE BasicExtractor:60 - extracted value ([lastname3_2_] : [VARCHAR]) - [Moo Haas]
15:23:23,236 TRACE BasicExtractor:60 - extracted value ([name4_2_] : [VARCHAR]) - [Oscar Uriel]
15:23:23,236 TRACE BasicExtractor:60 - extracted value ([pass5_2_] : [VARCHAR]) - [secret]
15:23:23,236 TRACE BasicExtractor:60 - extracted value ([user6_2_] : [VARCHAR]) - [OMH]
15:23:23,237 TRACE BasicExtractor:60 - extracted value ([id1_2_] : [INTEGER]) - [25]
15:23:23,237 TRACE BasicExtractor:60 - extracted value ([isactive2_2_] : [BOOLEAN]) - [true]
15:23:23,243 TRACE BasicExtractor:60 - extracted value ([lastname3_2_] : [VARCHAR]) - [Moo Pérez]
15:23:23,243 TRACE BasicExtractor:60 - extracted value ([name4_2_] : [VARCHAR]) - [Oscar]
15:23:23,244 TRACE BasicExtractor:60 - extracted value ([pass5_2_] : [VARCHAR]) - [secret]
15:23:23,245 TRACE BasicExtractor:60 - extracted value ([user6_2_] : [VARCHAR]) - [OMP]
15:23:23,245 TRACE BasicExtractor:60 - extracted value ([id1_2_] : [INTEGER]) - [12]
15:23:23,246 TRACE BasicExtractor:60 - extracted value ([isactive2_2_] : [BOOLEAN]) - [true]
15:23:23,246 TRACE BasicExtractor:60 - extracted value ([lastname3_2_] : [VARCHAR]) - [Colmenares Piña]
15:23:23,247 TRACE BasicExtractor:60 - extracted value ([name4_2_] : [VARCHAR]) - [Silvia Guadalupe]
15:23:23,248 TRACE BasicExtractor:60 - extracted value ([pass5_2_] : [VARCHAR]) - [SCPSCP]
15:23:23,248 TRACE BasicExtractor:60 - extracted value ([user6_2_] : [VARCHAR]) - [SCP]
15:23:23,249 TRACE BasicExtractor:60 - extracted value ([id1_2_] : [INTEGER]) - [28]
15:23:23,250 TRACE BasicExtractor:60 - extracted value ([isactive2_2_] : [BOOLEAN]) - [true]
15:23:23,251 TRACE BasicExtractor:60 - extracted value ([lastname3_2_] : [VARCHAR]) - [Delgado Inurreta]
15:23:23,251 TRACE BasicExtractor:60 - extracted value ([name4_2_] : [VARCHAR]) - [Saraí]
15:23:23,251 TRACE BasicExtractor:60 - extracted value ([pass5_2_] : [VARCHAR]) - [secret]
15:23:23,252 TRACE BasicExtractor:60 - extracted value ([user6_2_] : [VARCHAR]) - [SDD]
15:23:23,252 TRACE BasicExtractor:60 - extracted value ([id1_2_] : [INTEGER]) - [27]
15:23:23,253 TRACE BasicExtractor:60 - extracted value ([isactive2_2_] : [BOOLEAN]) - [true]
15:23:23,254 TRACE BasicExtractor:60 - extracted value ([lastname3_2_] : [VARCHAR]) - [Delgado Inurreta]
15:23:23,254 TRACE BasicExtractor:60 - extracted value ([name4_2_] : [VARCHAR]) - [Saraí]
15:23:23,255 TRACE BasicExtractor:60 - extracted value ([pass5_2_] : [VARCHAR]) - [secret]
15:23:23,256 TRACE BasicExtractor:60 - extracted value ([user6_2_] : [VARCHAR]) - [SDI]
15:23:23,256 TRACE BasicExtractor:60 - extracted value ([id1_2_] : [INTEGER]) - [101]
15:23:23,257 TRACE BasicExtractor:60 - extracted value ([isactive2_2_] : [BOOLEAN]) - [true]
15:23:23,262 TRACE BasicExtractor:60 - extracted value ([lastname3_2_] : [VARCHAR]) - [usuario nuevo]
15:23:23,262 TRACE BasicExtractor:60 - extracted value ([name4_2_] : [VARCHAR]) - [Usuario nuevo]
15:23:23,263 TRACE BasicExtractor:60 - extracted value ([pass5_2_] : [VARCHAR]) - [secret]
15:23:23,264 TRACE BasicExtractor:60 - extracted value ([user6_2_] : [VARCHAR]) - [UUU]
15:23:23,833 TRACE BasicBinder:64 - binding parameter [1] as [DATE] - [2020-08-10]
15:23:23,842 TRACE BasicBinder:64 - binding parameter [2] as [DATE] - [2020-08-16]
15:23:23,974 TRACE BasicExtractor:60 - extracted value ([id1_0_] : [INTEGER]) - [2]
15:23:23,974 TRACE BasicExtractor:60 - extracted value ([branch2_0_] : [VARCHAR]) - [Urban]
15:23:23,975 TRACE BasicExtractor:60 - extracted value ([clientna3_0_] : [VARCHAR]) - [Cliente]
15:23:23,976 TRACE BasicExtractor:60 - extracted value ([date4_0_] : [DATE]) - [2020-08-13]
15:23:23,977 TRACE BasicExtractor:50 - extracted value ([motive5_0_] : [VARCHAR]) - [null]
15:23:23,977 TRACE BasicExtractor:60 - extracted value ([petname6_0_] : [VARCHAR]) - [Pet]
15:23:23,978 TRACE BasicExtractor:50 - extracted value ([phone7_0_] : [VARCHAR]) - [null]
15:23:23,978 TRACE BasicExtractor:60 - extracted value ([service8_0_] : [VARCHAR]) - [Otros]
15:23:23,980 TRACE BasicExtractor:60 - extracted value ([time9_0_] : [TIME]) - [18:09]
15:23:23,980 TRACE BasicExtractor:60 - extracted value ([veterin10_0_] : [VARCHAR]) - [ANV]
15:23:23,980 TRACE BasicExtractor:60 - extracted value ([id1_0_] : [INTEGER]) - [3]
15:23:23,981 TRACE BasicExtractor:60 - extracted value ([branch2_0_] : [VARCHAR]) - [Harbor]
15:23:23,981 TRACE BasicExtractor:60 - extracted value ([clientna3_0_] : [VARCHAR]) - [Pedro]
15:23:23,982 TRACE BasicExtractor:60 - extracted value ([date4_0_] : [DATE]) - [2020-08-15]
15:23:23,982 TRACE BasicExtractor:50 - extracted value ([motive5_0_] : [VARCHAR]) - [null]
15:23:23,982 TRACE BasicExtractor:60 - extracted value ([petname6_0_] : [VARCHAR]) - [Cocacola]
15:23:23,983 TRACE BasicExtractor:50 - extracted value ([phone7_0_] : [VARCHAR]) - [null]
15:23:23,983 TRACE BasicExtractor:60 - extracted value ([service8_0_] : [VARCHAR]) - [Desparasitación]
15:23:23,984 TRACE BasicExtractor:60 - extracted value ([time9_0_] : [TIME]) - [18:00]
15:23:23,984 TRACE BasicExtractor:60 - extracted value ([veterin10_0_] : [VARCHAR]) - [CME]
15:23:23,984 TRACE BasicExtractor:60 - extracted value ([id1_0_] : [INTEGER]) - [5]
15:23:23,985 TRACE BasicExtractor:60 - extracted value ([branch2_0_] : [VARCHAR]) - [Montejo]
15:23:23,985 TRACE BasicExtractor:60 - extracted value ([clientna3_0_] : [VARCHAR]) - [Cliente]
15:23:23,985 TRACE BasicExtractor:60 - extracted value ([date4_0_] : [DATE]) - [2020-08-10]
15:23:23,986 TRACE BasicExtractor:50 - extracted value ([motive5_0_] : [VARCHAR]) - [null]
15:23:23,986 TRACE BasicExtractor:60 - extracted value ([petname6_0_] : [VARCHAR]) - [Pet]
15:23:23,986 TRACE BasicExtractor:50 - extracted value ([phone7_0_] : [VARCHAR]) - [null]
15:23:23,987 TRACE BasicExtractor:60 - extracted value ([service8_0_] : [VARCHAR]) - [Vacuna]
15:23:23,987 TRACE BasicExtractor:60 - extracted value ([time9_0_] : [TIME]) - [18:00]
15:23:23,987 TRACE BasicExtractor:60 - extracted value ([veterin10_0_] : [VARCHAR]) - [ANV]
15:23:23,988 TRACE BasicExtractor:60 - extracted value ([id1_0_] : [INTEGER]) - [6]
15:23:23,988 TRACE BasicExtractor:60 - extracted value ([branch2_0_] : [VARCHAR]) - [Urban]
15:23:23,988 TRACE BasicExtractor:60 - extracted value ([clientna3_0_] : [VARCHAR]) - [Cliente]
15:23:23,989 TRACE BasicExtractor:60 - extracted value ([date4_0_] : [DATE]) - [2020-08-16]
15:23:23,989 TRACE BasicExtractor:50 - extracted value ([motive5_0_] : [VARCHAR]) - [null]
15:23:23,989 TRACE BasicExtractor:60 - extracted value ([petname6_0_] : [VARCHAR]) - [Pet]
15:23:23,990 TRACE BasicExtractor:50 - extracted value ([phone7_0_] : [VARCHAR]) - [null]
15:23:23,990 TRACE BasicExtractor:60 - extracted value ([service8_0_] : [VARCHAR]) - [Otros]
15:23:23,990 TRACE BasicExtractor:60 - extracted value ([time9_0_] : [TIME]) - [19:00]
15:23:23,991 TRACE BasicExtractor:60 - extracted value ([veterin10_0_] : [VARCHAR]) - [ANV]
15:23:23,991 TRACE BasicExtractor:60 - extracted value ([id1_0_] : [INTEGER]) - [8]
15:23:23,991 TRACE BasicExtractor:60 - extracted value ([branch2_0_] : [VARCHAR]) - [Harbor]
15:23:23,992 TRACE BasicExtractor:60 - extracted value ([clientna3_0_] : [VARCHAR]) - [Cliente]
15:23:23,992 TRACE BasicExtractor:60 - extracted value ([date4_0_] : [DATE]) - [2020-08-11]
15:23:23,992 TRACE BasicExtractor:50 - extracted value ([motive5_0_] : [VARCHAR]) - [null]
15:23:23,993 TRACE BasicExtractor:60 - extracted value ([petname6_0_] : [VARCHAR]) - [Pet]
15:23:23,993 TRACE BasicExtractor:50 - extracted value ([phone7_0_] : [VARCHAR]) - [null]
15:23:23,993 TRACE BasicExtractor:60 - extracted value ([service8_0_] : [VARCHAR]) - [Vacuna]
15:23:23,994 TRACE BasicExtractor:60 - extracted value ([time9_0_] : [TIME]) - [17:01]
15:23:23,994 TRACE BasicExtractor:60 - extracted value ([veterin10_0_] : [VARCHAR]) - [ANV]
15:23:23,994 TRACE BasicExtractor:60 - extracted value ([id1_0_] : [INTEGER]) - [10]
15:23:23,995 TRACE BasicExtractor:60 - extracted value ([branch2_0_] : [VARCHAR]) - [Montejo]
15:23:23,995 TRACE BasicExtractor:60 - extracted value ([clientna3_0_] : [VARCHAR]) - [Pedro]
15:23:23,996 TRACE BasicExtractor:60 - extracted value ([date4_0_] : [DATE]) - [2020-08-16]
15:23:23,996 TRACE BasicExtractor:60 - extracted value ([motive5_0_] : [VARCHAR]) - [Vacuna]
15:23:23,996 TRACE BasicExtractor:60 - extracted value ([petname6_0_] : [VARCHAR]) - [pedrillo]
15:23:23,996 TRACE BasicExtractor:50 - extracted value ([phone7_0_] : [VARCHAR]) - [null]
15:23:23,997 TRACE BasicExtractor:60 - extracted value ([service8_0_] : [VARCHAR]) - [Consulta]
15:23:23,997 TRACE BasicExtractor:60 - extracted value ([time9_0_] : [TIME]) - [10:00]
15:23:23,997 TRACE BasicExtractor:60 - extracted value ([veterin10_0_] : [VARCHAR]) - [SDI]
15:23:23,998 TRACE BasicExtractor:60 - extracted value ([id1_0_] : [INTEGER]) - [21]
15:23:23,998 TRACE BasicExtractor:60 - extracted value ([branch2_0_] : [VARCHAR]) - [Harbor]
15:23:23,999 TRACE BasicExtractor:60 - extracted value ([clientna3_0_] : [VARCHAR]) - [Ramiro]
15:23:23,999 TRACE BasicExtractor:60 - extracted value ([date4_0_] : [DATE]) - [2020-08-11]
15:23:23,999 TRACE BasicExtractor:60 - extracted value ([motive5_0_] : [VARCHAR]) - []
15:23:24,000 TRACE BasicExtractor:60 - extracted value ([petname6_0_] : [VARCHAR]) - [Sputnik]
15:23:24,000 TRACE BasicExtractor:50 - extracted value ([phone7_0_] : [VARCHAR]) - [null]
15:23:24,000 TRACE BasicExtractor:60 - extracted value ([service8_0_] : [VARCHAR]) - [Vacuna]
15:23:24,001 TRACE BasicExtractor:60 - extracted value ([time9_0_] : [TIME]) - [17:00]
15:23:24,001 TRACE BasicExtractor:60 - extracted value ([veterin10_0_] : [VARCHAR]) - [DMG]
15:23:24,001 TRACE BasicExtractor:60 - extracted value ([id1_0_] : [INTEGER]) - [22]
15:23:24,002 TRACE BasicExtractor:60 - extracted value ([branch2_0_] : [VARCHAR]) - [Harbor]
15:23:24,002 TRACE BasicExtractor:60 - extracted value ([clientna3_0_] : [VARCHAR]) - []
15:23:24,002 TRACE BasicExtractor:60 - extracted value ([date4_0_] : [DATE]) - [2020-08-11]
15:23:24,002 TRACE BasicExtractor:60 - extracted value ([motive5_0_] : [VARCHAR]) - []
15:23:24,003 TRACE BasicExtractor:60 - extracted value ([petname6_0_] : [VARCHAR]) - [Pedro]
15:23:24,003 TRACE BasicExtractor:50 - extracted value ([phone7_0_] : [VARCHAR]) - [null]
15:23:24,003 TRACE BasicExtractor:60 - extracted value ([service8_0_] : [VARCHAR]) - [Vacuna]
15:23:24,004 TRACE BasicExtractor:60 - extracted value ([time9_0_] : [TIME]) - [17:00]
15:23:24,004 TRACE BasicExtractor:60 - extracted value ([veterin10_0_] : [VARCHAR]) - [MAT]
15:30:33,780  INFO Version:44 - HHH000412: Hibernate ORM core version [WORKING]
15:30:34,841  INFO Version:49 - HCANN000001: Hibernate Commons Annotations {5.1.0.Final}
15:30:35,458 DEBUG BasicTypeRegistry:157 - Adding type registration boolean -> org.hibernate.type.BooleanType@5f2ac656
15:30:35,459 DEBUG BasicTypeRegistry:157 - Adding type registration boolean -> org.hibernate.type.BooleanType@5f2ac656
15:30:35,460 DEBUG BasicTypeRegistry:157 - Adding type registration java.lang.Boolean -> org.hibernate.type.BooleanType@5f2ac656
15:30:35,461 DEBUG BasicTypeRegistry:157 - Adding type registration numeric_boolean -> org.hibernate.type.NumericBooleanType@3606eed3
15:30:35,462 DEBUG BasicTypeRegistry:157 - Adding type registration true_false -> org.hibernate.type.TrueFalseType@d4476f2
15:30:35,463 DEBUG BasicTypeRegistry:157 - Adding type registration yes_no -> org.hibernate.type.YesNoType@4f4845f
15:30:35,465 DEBUG BasicTypeRegistry:157 - Adding type registration byte -> org.hibernate.type.ByteType@2e6a994f
15:30:35,465 DEBUG BasicTypeRegistry:157 - Adding type registration byte -> org.hibernate.type.ByteType@2e6a994f
15:30:35,466 DEBUG BasicTypeRegistry:157 - Adding type registration java.lang.Byte -> org.hibernate.type.ByteType@2e6a994f
15:30:35,467 DEBUG BasicTypeRegistry:157 - Adding type registration character -> org.hibernate.type.CharacterType@2b7e7aac
15:30:35,468 DEBUG BasicTypeRegistry:157 - Adding type registration char -> org.hibernate.type.CharacterType@2b7e7aac
15:30:35,468 DEBUG BasicTypeRegistry:157 - Adding type registration java.lang.Character -> org.hibernate.type.CharacterType@2b7e7aac
15:30:35,470 DEBUG BasicTypeRegistry:157 - Adding type registration short -> org.hibernate.type.ShortType@6a3e2e20
15:30:35,471 DEBUG BasicTypeRegistry:157 - Adding type registration short -> org.hibernate.type.ShortType@6a3e2e20
15:30:35,473 DEBUG BasicTypeRegistry:157 - Adding type registration java.lang.Short -> org.hibernate.type.ShortType@6a3e2e20
15:30:35,475 DEBUG BasicTypeRegistry:157 - Adding type registration integer -> org.hibernate.type.IntegerType@179d6146
15:30:35,476 DEBUG BasicTypeRegistry:157 - Adding type registration int -> org.hibernate.type.IntegerType@179d6146
15:30:35,476 DEBUG BasicTypeRegistry:157 - Adding type registration java.lang.Integer -> org.hibernate.type.IntegerType@179d6146
15:30:35,478 DEBUG BasicTypeRegistry:157 - Adding type registration long -> org.hibernate.type.LongType@3297c9c6
15:30:35,479 DEBUG BasicTypeRegistry:157 - Adding type registration long -> org.hibernate.type.LongType@3297c9c6
15:30:35,480 DEBUG BasicTypeRegistry:157 - Adding type registration java.lang.Long -> org.hibernate.type.LongType@3297c9c6
15:30:35,481 DEBUG BasicTypeRegistry:157 - Adding type registration float -> org.hibernate.type.FloatType@3c923b04
15:30:35,482 DEBUG BasicTypeRegistry:157 - Adding type registration float -> org.hibernate.type.FloatType@3c923b04
15:30:35,482 DEBUG BasicTypeRegistry:157 - Adding type registration java.lang.Float -> org.hibernate.type.FloatType@3c923b04
15:30:35,484 DEBUG BasicTypeRegistry:157 - Adding type registration double -> org.hibernate.type.DoubleType@7d907022
15:30:35,485 DEBUG BasicTypeRegistry:157 - Adding type registration double -> org.hibernate.type.DoubleType@7d907022
15:30:35,485 DEBUG BasicTypeRegistry:157 - Adding type registration java.lang.Double -> org.hibernate.type.DoubleType@7d907022
15:30:35,486 DEBUG BasicTypeRegistry:157 - Adding type registration big_decimal -> org.hibernate.type.BigDecimalType@31da8177
15:30:35,487 DEBUG BasicTypeRegistry:157 - Adding type registration java.math.BigDecimal -> org.hibernate.type.BigDecimalType@31da8177
15:30:35,489 DEBUG BasicTypeRegistry:157 - Adding type registration big_integer -> org.hibernate.type.BigIntegerType@18335e92
15:30:35,490 DEBUG BasicTypeRegistry:157 - Adding type registration java.math.BigInteger -> org.hibernate.type.BigIntegerType@18335e92
15:30:35,491 DEBUG BasicTypeRegistry:157 - Adding type registration string -> org.hibernate.type.StringType@53f18334
15:30:35,492 DEBUG BasicTypeRegistry:157 - Adding type registration java.lang.String -> org.hibernate.type.StringType@53f18334
15:30:35,493 DEBUG BasicTypeRegistry:157 - Adding type registration nstring -> org.hibernate.type.StringNVarcharType@2125b4c7
15:30:35,494 DEBUG BasicTypeRegistry:157 - Adding type registration ncharacter -> org.hibernate.type.CharacterNCharType@3cb3b8ce
15:30:35,495 DEBUG BasicTypeRegistry:157 - Adding type registration url -> org.hibernate.type.UrlType@3ef5ad8e
15:30:35,496 DEBUG BasicTypeRegistry:157 - Adding type registration java.net.URL -> org.hibernate.type.UrlType@3ef5ad8e
15:30:35,499 DEBUG BasicTypeRegistry:157 - Adding type registration Duration -> org.hibernate.type.DurationType@33d51e01
15:30:35,499 DEBUG BasicTypeRegistry:157 - Adding type registration java.time.Duration -> org.hibernate.type.DurationType@33d51e01
15:30:35,513 DEBUG BasicTypeRegistry:157 - Adding type registration Instant -> org.hibernate.type.InstantType@31c484c7
15:30:35,513 DEBUG BasicTypeRegistry:157 - Adding type registration java.time.Instant -> org.hibernate.type.InstantType@31c484c7
15:30:35,515 DEBUG BasicTypeRegistry:157 - Adding type registration LocalDateTime -> org.hibernate.type.LocalDateTimeType@153ee9b4
15:30:35,516 DEBUG BasicTypeRegistry:157 - Adding type registration java.time.LocalDateTime -> org.hibernate.type.LocalDateTimeType@153ee9b4
15:30:35,517 DEBUG BasicTypeRegistry:157 - Adding type registration LocalDate -> org.hibernate.type.LocalDateType@3124301f
15:30:35,518 DEBUG BasicTypeRegistry:157 - Adding type registration java.time.LocalDate -> org.hibernate.type.LocalDateType@3124301f
15:30:35,519 DEBUG BasicTypeRegistry:157 - Adding type registration LocalTime -> org.hibernate.type.LocalTimeType@48a4abcf
15:30:35,520 DEBUG BasicTypeRegistry:157 - Adding type registration java.time.LocalTime -> org.hibernate.type.LocalTimeType@48a4abcf
15:30:35,522 DEBUG BasicTypeRegistry:157 - Adding type registration OffsetDateTime -> org.hibernate.type.OffsetDateTimeType@292d0775
15:30:35,523 DEBUG BasicTypeRegistry:157 - Adding type registration java.time.OffsetDateTime -> org.hibernate.type.OffsetDateTimeType@292d0775
15:30:35,527 DEBUG BasicTypeRegistry:157 - Adding type registration OffsetTime -> org.hibernate.type.OffsetTimeType@7e67123
15:30:35,528 DEBUG BasicTypeRegistry:157 - Adding type registration java.time.OffsetTime -> org.hibernate.type.OffsetTimeType@7e67123
15:30:35,531 DEBUG BasicTypeRegistry:157 - Adding type registration ZonedDateTime -> org.hibernate.type.ZonedDateTimeType@6713edbe
15:30:35,532 DEBUG BasicTypeRegistry:157 - Adding type registration java.time.ZonedDateTime -> org.hibernate.type.ZonedDateTimeType@6713edbe
15:30:35,534 DEBUG BasicTypeRegistry:157 - Adding type registration date -> org.hibernate.type.DateType@86f48fc
15:30:35,535 DEBUG BasicTypeRegistry:157 - Adding type registration java.sql.Date -> org.hibernate.type.DateType@86f48fc
15:30:35,536 DEBUG BasicTypeRegistry:157 - Adding type registration time -> org.hibernate.type.TimeType@4d85a896
15:30:35,537 DEBUG BasicTypeRegistry:157 - Adding type registration java.sql.Time -> org.hibernate.type.TimeType@4d85a896
15:30:35,539 DEBUG BasicTypeRegistry:157 - Adding type registration timestamp -> org.hibernate.type.TimestampType@10add34d
15:30:35,539 DEBUG BasicTypeRegistry:157 - Adding type registration java.sql.Timestamp -> org.hibernate.type.TimestampType@10add34d
15:30:35,540 DEBUG BasicTypeRegistry:157 - Adding type registration java.util.Date -> org.hibernate.type.TimestampType@10add34d
15:30:35,542 DEBUG BasicTypeRegistry:157 - Adding type registration dbtimestamp -> org.hibernate.type.DbTimestampType@3f072ca6
15:30:35,544 DEBUG BasicTypeRegistry:157 - Adding type registration calendar -> org.hibernate.type.CalendarType@cc43791
15:30:35,545 DEBUG BasicTypeRegistry:157 - Adding type registration java.util.Calendar -> org.hibernate.type.CalendarType@cc43791
15:30:35,545 DEBUG BasicTypeRegistry:157 - Adding type registration java.util.GregorianCalendar -> org.hibernate.type.CalendarType@cc43791
15:30:35,546 DEBUG BasicTypeRegistry:157 - Adding type registration calendar_date -> org.hibernate.type.CalendarDateType@41a627a9
15:30:35,548 DEBUG BasicTypeRegistry:157 - Adding type registration calendar_time -> org.hibernate.type.CalendarTimeType@22ebf40
15:30:35,550 DEBUG BasicTypeRegistry:157 - Adding type registration locale -> org.hibernate.type.LocaleType@74961194
15:30:35,550 DEBUG BasicTypeRegistry:157 - Adding type registration java.util.Locale -> org.hibernate.type.LocaleType@74961194
15:30:35,552 DEBUG BasicTypeRegistry:157 - Adding type registration currency -> org.hibernate.type.CurrencyType@19c008f7
15:30:35,553 DEBUG BasicTypeRegistry:157 - Adding type registration java.util.Currency -> org.hibernate.type.CurrencyType@19c008f7
15:30:35,555 DEBUG BasicTypeRegistry:157 - Adding type registration timezone -> org.hibernate.type.TimeZoneType@58e9c445
15:30:35,555 DEBUG BasicTypeRegistry:157 - Adding type registration java.util.TimeZone -> org.hibernate.type.TimeZoneType@58e9c445
15:30:35,557 DEBUG BasicTypeRegistry:157 - Adding type registration class -> org.hibernate.type.ClassType@56d0ded0
15:30:35,558 DEBUG BasicTypeRegistry:157 - Adding type registration java.lang.Class -> org.hibernate.type.ClassType@56d0ded0
15:30:35,559 DEBUG BasicTypeRegistry:157 - Adding type registration uuid-binary -> org.hibernate.type.UUIDBinaryType@52df0a40
15:30:35,560 DEBUG BasicTypeRegistry:157 - Adding type registration java.util.UUID -> org.hibernate.type.UUIDBinaryType@52df0a40
15:30:35,561 DEBUG BasicTypeRegistry:157 - Adding type registration uuid-char -> org.hibernate.type.UUIDCharType@74b56b4a
15:30:35,564 DEBUG BasicTypeRegistry:157 - Adding type registration binary -> org.hibernate.type.BinaryType@9aea202
15:30:35,565 DEBUG BasicTypeRegistry:157 - Adding type registration byte[] -> org.hibernate.type.BinaryType@9aea202
15:30:35,565 DEBUG BasicTypeRegistry:157 - Adding type registration [B -> org.hibernate.type.BinaryType@9aea202
15:30:35,567 DEBUG BasicTypeRegistry:157 - Adding type registration wrapper-binary -> org.hibernate.type.WrapperBinaryType@29eaa5fe
15:30:35,567 DEBUG BasicTypeRegistry:157 - Adding type registration Byte[] -> org.hibernate.type.WrapperBinaryType@29eaa5fe
15:30:35,567 DEBUG BasicTypeRegistry:157 - Adding type registration [Ljava.lang.Byte; -> org.hibernate.type.WrapperBinaryType@29eaa5fe
15:30:35,569 DEBUG BasicTypeRegistry:157 - Adding type registration row_version -> org.hibernate.type.RowVersionType@77074483
15:30:35,570 DEBUG BasicTypeRegistry:157 - Adding type registration image -> org.hibernate.type.ImageType@44a3eb6b
15:30:35,571 DEBUG BasicTypeRegistry:157 - Adding type registration characters -> org.hibernate.type.CharArrayType@70a2f7a5
15:30:35,571 DEBUG BasicTypeRegistry:157 - Adding type registration char[] -> org.hibernate.type.CharArrayType@70a2f7a5
15:30:35,572 DEBUG BasicTypeRegistry:157 - Adding type registration [C -> org.hibernate.type.CharArrayType@70a2f7a5
15:30:35,574 DEBUG BasicTypeRegistry:157 - Adding type registration wrapper-characters -> org.hibernate.type.CharacterArrayType@322ddb33
15:30:35,574 DEBUG BasicTypeRegistry:157 - Adding type registration [Ljava.lang.Character; -> org.hibernate.type.CharacterArrayType@322ddb33
15:30:35,574 DEBUG BasicTypeRegistry:157 - Adding type registration Character[] -> org.hibernate.type.CharacterArrayType@322ddb33
15:30:35,575 DEBUG BasicTypeRegistry:157 - Adding type registration text -> org.hibernate.type.TextType@30e383a
15:30:35,576 DEBUG BasicTypeRegistry:157 - Adding type registration ntext -> org.hibernate.type.NTextType@1ad23020
15:30:35,579 DEBUG BasicTypeRegistry:157 - Adding type registration blob -> org.hibernate.type.BlobType@6cf50c28
15:30:35,579 DEBUG BasicTypeRegistry:157 - Adding type registration java.sql.Blob -> org.hibernate.type.BlobType@6cf50c28
15:30:35,580 DEBUG BasicTypeRegistry:157 - Adding type registration materialized_blob -> org.hibernate.type.MaterializedBlobType@74d6aad5
15:30:35,582 DEBUG BasicTypeRegistry:157 - Adding type registration clob -> org.hibernate.type.ClobType@3769b91b
15:30:35,582 DEBUG BasicTypeRegistry:157 - Adding type registration java.sql.Clob -> org.hibernate.type.ClobType@3769b91b
15:30:35,584 DEBUG BasicTypeRegistry:157 - Adding type registration nclob -> org.hibernate.type.NClobType@6a55266f
15:30:35,584 DEBUG BasicTypeRegistry:157 - Adding type registration java.sql.NClob -> org.hibernate.type.NClobType@6a55266f
15:30:35,585 DEBUG BasicTypeRegistry:157 - Adding type registration materialized_clob -> org.hibernate.type.MaterializedClobType@3d29c9b2
15:30:35,586 DEBUG BasicTypeRegistry:157 - Adding type registration materialized_nclob -> org.hibernate.type.MaterializedNClobType@2282252b
15:30:35,588 DEBUG BasicTypeRegistry:157 - Adding type registration serializable -> org.hibernate.type.SerializableType@7596a99a
15:30:35,591 DEBUG BasicTypeRegistry:157 - Adding type registration object -> org.hibernate.type.ObjectType@46ee0873
15:30:35,592 DEBUG BasicTypeRegistry:157 - Adding type registration java.lang.Object -> org.hibernate.type.ObjectType@46ee0873
15:30:35,594 DEBUG BasicTypeRegistry:157 - Adding type registration imm_date -> org.hibernate.type.AdaptedImmutableType@714a0c8b
15:30:35,594 DEBUG BasicTypeRegistry:157 - Adding type registration imm_time -> org.hibernate.type.AdaptedImmutableType@4dacc57a
15:30:35,595 DEBUG BasicTypeRegistry:157 - Adding type registration imm_timestamp -> org.hibernate.type.AdaptedImmutableType@36e5bf06
15:30:35,595 DEBUG BasicTypeRegistry:157 - Adding type registration imm_dbtimestamp -> org.hibernate.type.AdaptedImmutableType@78b68d61
15:30:35,596 DEBUG BasicTypeRegistry:157 - Adding type registration imm_calendar -> org.hibernate.type.AdaptedImmutableType@59b9e8a8
15:30:35,596 DEBUG BasicTypeRegistry:157 - Adding type registration imm_calendar_date -> org.hibernate.type.AdaptedImmutableType@721561f0
15:30:35,597 DEBUG BasicTypeRegistry:157 - Adding type registration imm_binary -> org.hibernate.type.AdaptedImmutableType@6993ed3b
15:30:35,597 DEBUG BasicTypeRegistry:157 - Adding type registration imm_serializable -> org.hibernate.type.AdaptedImmutableType@2502b8ed
15:30:35,699  WARN pooling:72 - HHH10001002: Using Hibernate built-in connection pool (not for production use!)
15:30:35,717  INFO pooling:115 - HHH10001005: using driver [com.mysql.cj.jdbc.Driver] at URL [jdbc:mysql://34.72.48.237:3306/exercises?]
15:30:35,719  INFO pooling:124 - HHH10001001: Connection properties: {password=****, user=root}
15:30:35,721  INFO pooling:129 - HHH10001003: Autocommit mode: false
15:30:35,727  INFO DriverManagerConnectionProviderImpl:249 - HHH000115: Hibernate connection pool size: 20 (min=1)
15:30:37,954  INFO Dialect:170 - HHH000400: Using dialect: org.hibernate.dialect.MySQL57Dialect
15:30:38,163 DEBUG TypeConfiguration$Scope:152 - Scoping TypeConfiguration [org.hibernate.type.spi.TypeConfiguration@14214766] to MetadataBuildingContext [org.hibernate.boot.internal.MetadataBuildingContextRootImpl@4f4e80ff]
15:30:38,522 DEBUG TypeConfiguration$Scope:157 - Scoping TypeConfiguration [org.hibernate.type.spi.TypeConfiguration@14214766] to SessionFactoryImpl [org.hibernate.internal.SessionFactoryImpl@1ded5a08]
15:30:39,279  INFO access:47 - HHH10001501: Connection obtained from JdbcConnectionAccess [org.hibernate.engine.jdbc.env.internal.JdbcEnvironmentInitiator$ConnectionProviderJdbcConnectionAccess@7b233e6] for (non-JTA) DDL execution was not in auto-commit mode; the Connection 'local transaction' will be committed and the Connection will be set into auto-commit mode.
15:30:40,745 TRACE TypeConfiguration$Scope:205 - Handling #sessionFactoryCreated from [org.hibernate.internal.SessionFactoryImpl@1ded5a08] for TypeConfiguration
15:30:41,443 TRACE BasicExtractor:60 - extracted value ([id1_2_] : [INTEGER]) - [20]
15:30:41,450 TRACE BasicExtractor:60 - extracted value ([isactive2_2_] : [BOOLEAN]) - [true]
15:30:41,451 TRACE BasicExtractor:60 - extracted value ([lastname3_2_] : [VARCHAR]) - [Caamal Badillo]
15:30:41,452 TRACE BasicExtractor:60 - extracted value ([name4_2_] : [VARCHAR]) - [Elizabeth Atziri]
15:30:41,453 TRACE BasicExtractor:60 - extracted value ([pass5_2_] : [VARCHAR]) - [ECBECB]
15:30:41,453 TRACE BasicExtractor:60 - extracted value ([user6_2_] : [VARCHAR]) - [ACB]
15:30:41,455 TRACE BasicExtractor:60 - extracted value ([id1_2_] : [INTEGER]) - [24]
15:30:41,455 TRACE BasicExtractor:60 - extracted value ([isactive2_2_] : [BOOLEAN]) - [true]
15:30:41,456 TRACE BasicExtractor:60 - extracted value ([lastname3_2_] : [VARCHAR]) - [Nah Villareal]
15:30:41,456 TRACE BasicExtractor:60 - extracted value ([name4_2_] : [VARCHAR]) - [Andrés]
15:30:41,457 TRACE BasicExtractor:60 - extracted value ([pass5_2_] : [VARCHAR]) - [secret]
15:30:41,457 TRACE BasicExtractor:60 - extracted value ([user6_2_] : [VARCHAR]) - [ANV]
15:30:41,457 TRACE BasicExtractor:60 - extracted value ([id1_2_] : [INTEGER]) - [2]
15:30:41,458 TRACE BasicExtractor:60 - extracted value ([isactive2_2_] : [BOOLEAN]) - [true]
15:30:41,458 TRACE BasicExtractor:60 - extracted value ([lastname3_2_] : [VARCHAR]) - [Muñoz Escalante]
15:30:41,458 TRACE BasicExtractor:60 - extracted value ([name4_2_] : [VARCHAR]) - [Ana Cecilia]
15:30:41,459 TRACE BasicExtractor:60 - extracted value ([pass5_2_] : [VARCHAR]) - [CMECME]
15:30:41,459 TRACE BasicExtractor:60 - extracted value ([user6_2_] : [VARCHAR]) - [CME]
15:30:41,459 TRACE BasicExtractor:60 - extracted value ([id1_2_] : [INTEGER]) - [21]
15:30:41,460 TRACE BasicExtractor:60 - extracted value ([isactive2_2_] : [BOOLEAN]) - [true]
15:30:41,460 TRACE BasicExtractor:60 - extracted value ([lastname3_2_] : [VARCHAR]) - [Bravo Carrillo]
15:30:41,460 TRACE BasicExtractor:60 - extracted value ([name4_2_] : [VARCHAR]) - [Diana]
15:30:41,461 TRACE BasicExtractor:60 - extracted value ([pass5_2_] : [VARCHAR]) - [secret]
15:30:41,461 TRACE BasicExtractor:60 - extracted value ([user6_2_] : [VARCHAR]) - [DBC]
15:30:41,461 TRACE BasicExtractor:60 - extracted value ([id1_2_] : [INTEGER]) - [23]
15:30:41,462 TRACE BasicExtractor:60 - extracted value ([isactive2_2_] : [BOOLEAN]) - [true]
15:30:41,462 TRACE BasicExtractor:60 - extracted value ([lastname3_2_] : [VARCHAR]) - [Horripilante]
15:30:41,462 TRACE BasicExtractor:60 - extracted value ([name4_2_] : [VARCHAR]) - [Judío ]
15:30:41,463 TRACE BasicExtractor:60 - extracted value ([pass5_2_] : [VARCHAR]) - [secret]
15:30:41,463 TRACE BasicExtractor:60 - extracted value ([user6_2_] : [VARCHAR]) - [DMG]
15:30:41,463 TRACE BasicExtractor:60 - extracted value ([id1_2_] : [INTEGER]) - [19]
15:30:41,463 TRACE BasicExtractor:60 - extracted value ([isactive2_2_] : [BOOLEAN]) - [true]
15:30:41,464 TRACE BasicExtractor:60 - extracted value ([lastname3_2_] : [VARCHAR]) - [Franco Poot]
15:30:41,464 TRACE BasicExtractor:60 - extracted value ([name4_2_] : [VARCHAR]) - [Larissa Isabel]
15:30:41,464 TRACE BasicExtractor:60 - extracted value ([pass5_2_] : [VARCHAR]) - [IFPUFP]
15:30:41,465 TRACE BasicExtractor:60 - extracted value ([user6_2_] : [VARCHAR]) - [IFP]
15:30:41,465 TRACE BasicExtractor:60 - extracted value ([id1_2_] : [INTEGER]) - [1]
15:30:41,466 TRACE BasicExtractor:60 - extracted value ([isactive2_2_] : [BOOLEAN]) - [true]
15:30:41,466 TRACE BasicExtractor:60 - extracted value ([lastname3_2_] : [VARCHAR]) - [García Gómez]
15:30:41,466 TRACE BasicExtractor:60 - extracted value ([name4_2_] : [VARCHAR]) - [Javier Humberto]
15:30:41,467 TRACE BasicExtractor:60 - extracted value ([pass5_2_] : [VARCHAR]) - [secret]
15:30:41,467 TRACE BasicExtractor:60 - extracted value ([user6_2_] : [VARCHAR]) - [JGG]
15:30:41,467 TRACE BasicExtractor:60 - extracted value ([id1_2_] : [INTEGER]) - [22]
15:30:41,468 TRACE BasicExtractor:60 - extracted value ([isactive2_2_] : [BOOLEAN]) - [true]
15:30:41,468 TRACE BasicExtractor:60 - extracted value ([lastname3_2_] : [VARCHAR]) - [Pérez López]
15:30:41,469 TRACE BasicExtractor:60 - extracted value ([name4_2_] : [VARCHAR]) - [José Luis]
15:30:41,469 TRACE BasicExtractor:60 - extracted value ([pass5_2_] : [VARCHAR]) - [secret]
15:30:41,469 TRACE BasicExtractor:60 - extracted value ([user6_2_] : [VARCHAR]) - [JPL]
15:30:41,470 TRACE BasicExtractor:60 - extracted value ([id1_2_] : [INTEGER]) - [17]
15:30:41,471 TRACE BasicExtractor:60 - extracted value ([isactive2_2_] : [BOOLEAN]) - [true]
15:30:41,471 TRACE BasicExtractor:60 - extracted value ([lastname3_2_] : [VARCHAR]) - [Fuentes Pech]
15:30:41,472 TRACE BasicExtractor:60 - extracted value ([name4_2_] : [VARCHAR]) - [Leticia Anahí]
15:30:41,472 TRACE BasicExtractor:60 - extracted value ([pass5_2_] : [VARCHAR]) - [LFPLFP]
15:30:41,472 TRACE BasicExtractor:60 - extracted value ([user6_2_] : [VARCHAR]) - [LFP]
15:30:41,473 TRACE BasicExtractor:60 - extracted value ([id1_2_] : [INTEGER]) - [18]
15:30:41,473 TRACE BasicExtractor:60 - extracted value ([isactive2_2_] : [BOOLEAN]) - [true]
15:30:41,474 TRACE BasicExtractor:60 - extracted value ([lastname3_2_] : [VARCHAR]) - [Avendaño Talarico]
15:30:41,474 TRACE BasicExtractor:60 - extracted value ([name4_2_] : [VARCHAR]) - [María de Lourdes]
15:30:41,474 TRACE BasicExtractor:60 - extracted value ([pass5_2_] : [VARCHAR]) - [MATMAT]
15:30:41,475 TRACE BasicExtractor:60 - extracted value ([user6_2_] : [VARCHAR]) - [MAT]
15:30:41,475 TRACE BasicExtractor:60 - extracted value ([id1_2_] : [INTEGER]) - [26]
15:30:41,476 TRACE BasicExtractor:60 - extracted value ([isactive2_2_] : [BOOLEAN]) - [true]
15:30:41,476 TRACE BasicExtractor:60 - extracted value ([lastname3_2_] : [VARCHAR]) - [Moo Haas]
15:30:41,476 TRACE BasicExtractor:60 - extracted value ([name4_2_] : [VARCHAR]) - [Oscar Uriel]
15:30:41,477 TRACE BasicExtractor:60 - extracted value ([pass5_2_] : [VARCHAR]) - [secret]
15:30:41,477 TRACE BasicExtractor:60 - extracted value ([user6_2_] : [VARCHAR]) - [OMH]
15:30:41,478 TRACE BasicExtractor:60 - extracted value ([id1_2_] : [INTEGER]) - [25]
15:30:41,478 TRACE BasicExtractor:60 - extracted value ([isactive2_2_] : [BOOLEAN]) - [true]
15:30:41,479 TRACE BasicExtractor:60 - extracted value ([lastname3_2_] : [VARCHAR]) - [Moo Pérez]
15:30:41,479 TRACE BasicExtractor:60 - extracted value ([name4_2_] : [VARCHAR]) - [Oscar]
15:30:41,479 TRACE BasicExtractor:60 - extracted value ([pass5_2_] : [VARCHAR]) - [secret]
15:30:41,479 TRACE BasicExtractor:60 - extracted value ([user6_2_] : [VARCHAR]) - [OMP]
15:30:41,480 TRACE BasicExtractor:60 - extracted value ([id1_2_] : [INTEGER]) - [12]
15:30:41,480 TRACE BasicExtractor:60 - extracted value ([isactive2_2_] : [BOOLEAN]) - [true]
15:30:41,481 TRACE BasicExtractor:60 - extracted value ([lastname3_2_] : [VARCHAR]) - [Colmenares Piña]
15:30:41,481 TRACE BasicExtractor:60 - extracted value ([name4_2_] : [VARCHAR]) - [Silvia Guadalupe]
15:30:41,481 TRACE BasicExtractor:60 - extracted value ([pass5_2_] : [VARCHAR]) - [SCPSCP]
15:30:41,482 TRACE BasicExtractor:60 - extracted value ([user6_2_] : [VARCHAR]) - [SCP]
15:30:41,482 TRACE BasicExtractor:60 - extracted value ([id1_2_] : [INTEGER]) - [28]
15:30:41,483 TRACE BasicExtractor:60 - extracted value ([isactive2_2_] : [BOOLEAN]) - [true]
15:30:41,483 TRACE BasicExtractor:60 - extracted value ([lastname3_2_] : [VARCHAR]) - [Delgado Inurreta]
15:30:41,484 TRACE BasicExtractor:60 - extracted value ([name4_2_] : [VARCHAR]) - [Saraí]
15:30:41,484 TRACE BasicExtractor:60 - extracted value ([pass5_2_] : [VARCHAR]) - [secret]
15:30:41,484 TRACE BasicExtractor:60 - extracted value ([user6_2_] : [VARCHAR]) - [SDD]
15:30:41,484 TRACE BasicExtractor:60 - extracted value ([id1_2_] : [INTEGER]) - [27]
15:30:41,485 TRACE BasicExtractor:60 - extracted value ([isactive2_2_] : [BOOLEAN]) - [true]
15:30:41,486 TRACE BasicExtractor:60 - extracted value ([lastname3_2_] : [VARCHAR]) - [Delgado Inurreta]
15:30:41,486 TRACE BasicExtractor:60 - extracted value ([name4_2_] : [VARCHAR]) - [Saraí]
15:30:41,486 TRACE BasicExtractor:60 - extracted value ([pass5_2_] : [VARCHAR]) - [secret]
15:30:41,487 TRACE BasicExtractor:60 - extracted value ([user6_2_] : [VARCHAR]) - [SDI]
15:30:41,487 TRACE BasicExtractor:60 - extracted value ([id1_2_] : [INTEGER]) - [101]
15:30:41,488 TRACE BasicExtractor:60 - extracted value ([isactive2_2_] : [BOOLEAN]) - [true]
15:30:41,488 TRACE BasicExtractor:60 - extracted value ([lastname3_2_] : [VARCHAR]) - [usuario nuevo]
15:30:41,488 TRACE BasicExtractor:60 - extracted value ([name4_2_] : [VARCHAR]) - [Usuario nuevo]
15:30:41,489 TRACE BasicExtractor:60 - extracted value ([pass5_2_] : [VARCHAR]) - [secret]
15:30:41,489 TRACE BasicExtractor:60 - extracted value ([user6_2_] : [VARCHAR]) - [UUU]
15:30:42,033 TRACE BasicBinder:64 - binding parameter [1] as [DATE] - [2020-08-10]
15:30:42,042 TRACE BasicBinder:64 - binding parameter [2] as [DATE] - [2020-08-16]
15:30:42,172 TRACE BasicExtractor:60 - extracted value ([id1_0_] : [INTEGER]) - [2]
15:30:42,172 TRACE BasicExtractor:60 - extracted value ([branch2_0_] : [VARCHAR]) - [Urban]
15:30:42,173 TRACE BasicExtractor:60 - extracted value ([clientna3_0_] : [VARCHAR]) - [Cliente]
15:30:42,175 TRACE BasicExtractor:60 - extracted value ([date4_0_] : [DATE]) - [2020-08-13]
15:30:42,176 TRACE BasicExtractor:50 - extracted value ([motive5_0_] : [VARCHAR]) - [null]
15:30:42,176 TRACE BasicExtractor:60 - extracted value ([petname6_0_] : [VARCHAR]) - [Pet]
15:30:42,176 TRACE BasicExtractor:50 - extracted value ([phone7_0_] : [VARCHAR]) - [null]
15:30:42,177 TRACE BasicExtractor:60 - extracted value ([service8_0_] : [VARCHAR]) - [Otros]
15:30:42,178 TRACE BasicExtractor:60 - extracted value ([time9_0_] : [TIME]) - [18:09]
15:30:42,179 TRACE BasicExtractor:60 - extracted value ([veterin10_0_] : [VARCHAR]) - [ANV]
15:30:42,179 TRACE BasicExtractor:60 - extracted value ([id1_0_] : [INTEGER]) - [3]
15:30:42,179 TRACE BasicExtractor:60 - extracted value ([branch2_0_] : [VARCHAR]) - [Harbor]
15:30:42,180 TRACE BasicExtractor:60 - extracted value ([clientna3_0_] : [VARCHAR]) - [Pedro]
15:30:42,180 TRACE BasicExtractor:60 - extracted value ([date4_0_] : [DATE]) - [2020-08-15]
15:30:42,180 TRACE BasicExtractor:50 - extracted value ([motive5_0_] : [VARCHAR]) - [null]
15:30:42,181 TRACE BasicExtractor:60 - extracted value ([petname6_0_] : [VARCHAR]) - [Cocacola]
15:30:42,181 TRACE BasicExtractor:50 - extracted value ([phone7_0_] : [VARCHAR]) - [null]
15:30:42,182 TRACE BasicExtractor:60 - extracted value ([service8_0_] : [VARCHAR]) - [Desparasitación]
15:30:42,182 TRACE BasicExtractor:60 - extracted value ([time9_0_] : [TIME]) - [18:00]
15:30:42,182 TRACE BasicExtractor:60 - extracted value ([veterin10_0_] : [VARCHAR]) - [CME]
15:30:42,183 TRACE BasicExtractor:60 - extracted value ([id1_0_] : [INTEGER]) - [5]
15:30:42,183 TRACE BasicExtractor:60 - extracted value ([branch2_0_] : [VARCHAR]) - [Montejo]
15:30:42,183 TRACE BasicExtractor:60 - extracted value ([clientna3_0_] : [VARCHAR]) - [Cliente]
15:30:42,184 TRACE BasicExtractor:60 - extracted value ([date4_0_] : [DATE]) - [2020-08-10]
15:30:42,184 TRACE BasicExtractor:50 - extracted value ([motive5_0_] : [VARCHAR]) - [null]
15:30:42,185 TRACE BasicExtractor:60 - extracted value ([petname6_0_] : [VARCHAR]) - [Pet]
15:30:42,185 TRACE BasicExtractor:50 - extracted value ([phone7_0_] : [VARCHAR]) - [null]
15:30:42,185 TRACE BasicExtractor:60 - extracted value ([service8_0_] : [VARCHAR]) - [Vacuna]
15:30:42,186 TRACE BasicExtractor:60 - extracted value ([time9_0_] : [TIME]) - [18:00]
15:30:42,186 TRACE BasicExtractor:60 - extracted value ([veterin10_0_] : [VARCHAR]) - [ANV]
15:30:42,186 TRACE BasicExtractor:60 - extracted value ([id1_0_] : [INTEGER]) - [6]
15:30:42,187 TRACE BasicExtractor:60 - extracted value ([branch2_0_] : [VARCHAR]) - [Urban]
15:30:42,187 TRACE BasicExtractor:60 - extracted value ([clientna3_0_] : [VARCHAR]) - [Cliente]
15:30:42,188 TRACE BasicExtractor:60 - extracted value ([date4_0_] : [DATE]) - [2020-08-16]
15:30:42,188 TRACE BasicExtractor:50 - extracted value ([motive5_0_] : [VARCHAR]) - [null]
15:30:42,189 TRACE BasicExtractor:60 - extracted value ([petname6_0_] : [VARCHAR]) - [Pet]
15:30:42,189 TRACE BasicExtractor:50 - extracted value ([phone7_0_] : [VARCHAR]) - [null]
15:30:42,190 TRACE BasicExtractor:60 - extracted value ([service8_0_] : [VARCHAR]) - [Otros]
15:30:42,190 TRACE BasicExtractor:60 - extracted value ([time9_0_] : [TIME]) - [19:00]
15:30:42,190 TRACE BasicExtractor:60 - extracted value ([veterin10_0_] : [VARCHAR]) - [ANV]
15:30:42,191 TRACE BasicExtractor:60 - extracted value ([id1_0_] : [INTEGER]) - [8]
15:30:42,191 TRACE BasicExtractor:60 - extracted value ([branch2_0_] : [VARCHAR]) - [Harbor]
15:30:42,191 TRACE BasicExtractor:60 - extracted value ([clientna3_0_] : [VARCHAR]) - [Cliente]
15:30:42,192 TRACE BasicExtractor:60 - extracted value ([date4_0_] : [DATE]) - [2020-08-11]
15:30:42,192 TRACE BasicExtractor:50 - extracted value ([motive5_0_] : [VARCHAR]) - [null]
15:30:42,193 TRACE BasicExtractor:60 - extracted value ([petname6_0_] : [VARCHAR]) - [Pet]
15:30:42,193 TRACE BasicExtractor:50 - extracted value ([phone7_0_] : [VARCHAR]) - [null]
15:30:42,194 TRACE BasicExtractor:60 - extracted value ([service8_0_] : [VARCHAR]) - [Vacuna]
15:30:42,194 TRACE BasicExtractor:60 - extracted value ([time9_0_] : [TIME]) - [17:01]
15:30:42,194 TRACE BasicExtractor:60 - extracted value ([veterin10_0_] : [VARCHAR]) - [ANV]
15:30:42,195 TRACE BasicExtractor:60 - extracted value ([id1_0_] : [INTEGER]) - [10]
15:30:42,195 TRACE BasicExtractor:60 - extracted value ([branch2_0_] : [VARCHAR]) - [Montejo]
15:30:42,195 TRACE BasicExtractor:60 - extracted value ([clientna3_0_] : [VARCHAR]) - [Pedro]
15:30:42,196 TRACE BasicExtractor:60 - extracted value ([date4_0_] : [DATE]) - [2020-08-16]
15:30:42,196 TRACE BasicExtractor:60 - extracted value ([motive5_0_] : [VARCHAR]) - [Vacuna]
15:30:42,197 TRACE BasicExtractor:60 - extracted value ([petname6_0_] : [VARCHAR]) - [pedrillo]
15:30:42,197 TRACE BasicExtractor:50 - extracted value ([phone7_0_] : [VARCHAR]) - [null]
15:30:42,197 TRACE BasicExtractor:60 - extracted value ([service8_0_] : [VARCHAR]) - [Consulta]
15:30:42,198 TRACE BasicExtractor:60 - extracted value ([time9_0_] : [TIME]) - [10:00]
15:30:42,198 TRACE BasicExtractor:60 - extracted value ([veterin10_0_] : [VARCHAR]) - [SDI]
15:30:42,198 TRACE BasicExtractor:60 - extracted value ([id1_0_] : [INTEGER]) - [21]
15:30:42,199 TRACE BasicExtractor:60 - extracted value ([branch2_0_] : [VARCHAR]) - [Harbor]
15:30:42,199 TRACE BasicExtractor:60 - extracted value ([clientna3_0_] : [VARCHAR]) - [Ramiro]
15:30:42,199 TRACE BasicExtractor:60 - extracted value ([date4_0_] : [DATE]) - [2020-08-11]
15:30:42,200 TRACE BasicExtractor:60 - extracted value ([motive5_0_] : [VARCHAR]) - []
15:30:42,200 TRACE BasicExtractor:60 - extracted value ([petname6_0_] : [VARCHAR]) - [Sputnik]
15:30:42,200 TRACE BasicExtractor:50 - extracted value ([phone7_0_] : [VARCHAR]) - [null]
15:30:42,200 TRACE BasicExtractor:60 - extracted value ([service8_0_] : [VARCHAR]) - [Vacuna]
15:30:42,201 TRACE BasicExtractor:60 - extracted value ([time9_0_] : [TIME]) - [17:00]
15:30:42,201 TRACE BasicExtractor:60 - extracted value ([veterin10_0_] : [VARCHAR]) - [DMG]
15:30:42,201 TRACE BasicExtractor:60 - extracted value ([id1_0_] : [INTEGER]) - [22]
15:30:42,202 TRACE BasicExtractor:60 - extracted value ([branch2_0_] : [VARCHAR]) - [Harbor]
15:30:42,202 TRACE BasicExtractor:60 - extracted value ([clientna3_0_] : [VARCHAR]) - []
15:30:42,202 TRACE BasicExtractor:60 - extracted value ([date4_0_] : [DATE]) - [2020-08-11]
15:30:42,202 TRACE BasicExtractor:60 - extracted value ([motive5_0_] : [VARCHAR]) - []
15:30:42,203 TRACE BasicExtractor:60 - extracted value ([petname6_0_] : [VARCHAR]) - [Pedro]
15:30:42,203 TRACE BasicExtractor:50 - extracted value ([phone7_0_] : [VARCHAR]) - [null]
15:30:42,203 TRACE BasicExtractor:60 - extracted value ([service8_0_] : [VARCHAR]) - [Vacuna]
15:30:42,204 TRACE BasicExtractor:60 - extracted value ([time9_0_] : [TIME]) - [17:00]
15:30:42,204 TRACE BasicExtractor:60 - extracted value ([veterin10_0_] : [VARCHAR]) - [MAT]
